<?xml version="1.0" encoding="UTF-8"?>
<testng-results ignored="0" total="1" passed="1" failed="0" skipped="0">
  <reporter-output>
  </reporter-output>
  <suite started-at="2023-05-23T17:09:00 IST" name="Default suite" finished-at="2023-05-23T17:09:56 IST" duration-ms="55820">
    <groups>
    </groups>
    <test started-at="2023-05-23T17:09:00 IST" name="Default test" finished-at="2023-05-23T17:09:56 IST" duration-ms="55820">
      <class name="com.rahul.spring.ram.Project">
        <test-method is-config="true" signature="startTest()[pri:0, instance:com.rahul.spring.ram.Project@5a56cdac]" started-at="2023-05-23T17:09:00 IST" name="startTest" finished-at="2023-05-23T17:09:01 IST" duration-ms="472" status="PASS">
          <reporter-output>
          </reporter-output>
        </test-method> <!-- startTest -->
        <test-method signature="run()[pri:0, instance:com.rahul.spring.ram.Project@5a56cdac]" started-at="2023-05-23T17:09:01 IST" name="run" finished-at="2023-05-23T17:09:55 IST" duration-ms="54690" status="PASS">
          <reporter-output>
          </reporter-output>
        </test-method> <!-- run -->
        <test-method is-config="true" signature="endTest()[pri:0, instance:com.rahul.spring.ram.Project@5a56cdac]" started-at="2023-05-23T17:09:55 IST" name="endTest" finished-at="2023-05-23T17:09:56 IST" duration-ms="554" status="PASS">
          <reporter-output>
          </reporter-output>
        </test-method> <!-- endTest -->
      </class> <!-- com.rahul.spring.ram.Project -->
    </test> <!-- Default test -->
  </suite> <!-- Default suite -->
</testng-results>
